<?xml version="1.0" encoding="UTF-8"?>
<testsuites name="MultipleSheet" time="19" tests="14" failures="0" errors="0">
   <testsuite name="MultipleSheet" tests="14" failures="0" errors="0" time="19" timestamp="2019-11-01 21:37:06" hostname="rathr1 - L33986WUS.rpega.com" id="Test Suites/MultipleSheet">
      <properties>
         <property name="deviceName" value=""/>
         <property name="devicePlatform" value=""/>
         <property name="logFolder" value="C:\\Data\\GitHub\\SeleniumAutomationWithKatalonStudio6.0.x\\Reports\\MultipleSheet\\20191101_213703"/>
         <property name="logFiles" value="C:\\Data\\GitHub\\SeleniumAutomationWithKatalonStudio6.0.x\\Reports\\MultipleSheet\\20191101_213703\\execution0.log"/>
         <property name="attachments" value=""/>
         <property name="hostName" value="rathr1 - L33986WUS.rpega.com"/>
         <property name="os" value="Windows 10 64bit"/>
         <property name="katalonVersion" value="6.0.6.4"/>
         <property name="browser" value="Chrome 77.0.3865.120"/>
         <property name="hostAddress" value="10.2.205.47"/>
         <property name="sessionId" value="2286c505b98a5bc33d251fac66db97e5"/>
         <property name="seleniumVersion" value="3.7.1"/>
         <property name="proxyInformation" value="ProxyInformation{proxyOption=NO_PROXY, proxyServerType=HTTP, password=, proxyServerAddress=, proxyServerPort=0}"/>
         <property name="platform" value="Windows 10"/>
      </properties>
      <testcase name="Test Cases/DataDriven/TC - ExcelSheetOne" classname="Test Cases/DataDriven/TC - ExcelSheetOne" status="PASSED">
         <system-out><![CDATA[2019-11-01 21:37:24 - [TEST_CASE][PASSED] - Test Cases/DataDriven/TC - ExcelSheetOne: Test Cases/DataDriven/TC - ExcelSheetOne

2019-11-01 21:37:24 - [TEST_STEP][PASSED] - println(varone): null

2019-11-01 21:37:24 - [TEST_STEP][PASSED] - println(vartwo): null]]></system-out>
         <system-err><![CDATA[]]></system-err>
      </testcase>
      <testcase name="Test Cases/DataDriven/TC - ExcelSheetOne" classname="Test Cases/DataDriven/TC - ExcelSheetOne" status="PASSED">
         <system-out><![CDATA[2019-11-01 21:37:24 - [TEST_CASE][PASSED] - Test Cases/DataDriven/TC - ExcelSheetOne: Test Cases/DataDriven/TC - ExcelSheetOne

2019-11-01 21:37:24 - [TEST_STEP][PASSED] - println(varone): null

2019-11-01 21:37:24 - [TEST_STEP][PASSED] - println(vartwo): null]]></system-out>
         <system-err><![CDATA[]]></system-err>
      </testcase>
      <testcase name="Test Cases/DataDriven/TC - ExcelSheetOne" classname="Test Cases/DataDriven/TC - ExcelSheetOne" status="PASSED">
         <system-out><![CDATA[2019-11-01 21:37:24 - [TEST_CASE][PASSED] - Test Cases/DataDriven/TC - ExcelSheetOne: Test Cases/DataDriven/TC - ExcelSheetOne

2019-11-01 21:37:24 - [TEST_STEP][PASSED] - println(varone): null

2019-11-01 21:37:24 - [TEST_STEP][PASSED] - println(vartwo): null]]></system-out>
         <system-err><![CDATA[]]></system-err>
      </testcase>
      <testcase name="Test Cases/DataDriven/TC - ExcelSheetOne" classname="Test Cases/DataDriven/TC - ExcelSheetOne" status="PASSED">
         <system-out><![CDATA[2019-11-01 21:37:24 - [TEST_CASE][PASSED] - Test Cases/DataDriven/TC - ExcelSheetOne: Test Cases/DataDriven/TC - ExcelSheetOne

2019-11-01 21:37:24 - [TEST_STEP][PASSED] - println(varone): null

2019-11-01 21:37:24 - [TEST_STEP][PASSED] - println(vartwo): null]]></system-out>
         <system-err><![CDATA[]]></system-err>
      </testcase>
      <testcase name="Test Cases/DataDriven/TC - ExcelSheetOne" classname="Test Cases/DataDriven/TC - ExcelSheetOne" status="PASSED">
         <system-out><![CDATA[2019-11-01 21:37:24 - [TEST_CASE][PASSED] - Test Cases/DataDriven/TC - ExcelSheetOne: Test Cases/DataDriven/TC - ExcelSheetOne

2019-11-01 21:37:24 - [TEST_STEP][PASSED] - println(varone): null

2019-11-01 21:37:24 - [TEST_STEP][PASSED] - println(vartwo): null]]></system-out>
         <system-err><![CDATA[]]></system-err>
      </testcase>
      <testcase name="Test Cases/DataDriven/TC - ExcelSheetOne" classname="Test Cases/DataDriven/TC - ExcelSheetOne" status="PASSED">
         <system-out><![CDATA[2019-11-01 21:37:24 - [TEST_CASE][PASSED] - Test Cases/DataDriven/TC - ExcelSheetOne: Test Cases/DataDriven/TC - ExcelSheetOne

2019-11-01 21:37:24 - [TEST_STEP][PASSED] - println(varone): null

2019-11-01 21:37:24 - [TEST_STEP][PASSED] - println(vartwo): null]]></system-out>
         <system-err><![CDATA[]]></system-err>
      </testcase>
      <testcase name="Test Cases/DataDriven/TC - ExcelSheetOne" classname="Test Cases/DataDriven/TC - ExcelSheetOne" status="PASSED">
         <system-out><![CDATA[2019-11-01 21:37:24 - [TEST_CASE][PASSED] - Test Cases/DataDriven/TC - ExcelSheetOne: Test Cases/DataDriven/TC - ExcelSheetOne

2019-11-01 21:37:24 - [TEST_STEP][PASSED] - println(varone): null

2019-11-01 21:37:24 - [TEST_STEP][PASSED] - println(vartwo): null]]></system-out>
         <system-err><![CDATA[]]></system-err>
      </testcase>
      <testcase name="Test Cases/DataDriven/TC - ExcelSheetTwo" classname="Test Cases/DataDriven/TC - ExcelSheetTwo" status="PASSED">
         <system-out><![CDATA[2019-11-01 21:37:24 - [TEST_CASE][PASSED] - Test Cases/DataDriven/TC - ExcelSheetTwo: Test Cases/DataDriven/TC - ExcelSheetTwo

2019-11-01 21:37:24 - [TEST_STEP][PASSED] - println(varthree): null

2019-11-01 21:37:24 - [TEST_STEP][PASSED] - println(varfour): null]]></system-out>
         <system-err><![CDATA[]]></system-err>
      </testcase>
      <testcase name="Test Cases/DataDriven/TC - ExcelSheetTwo" classname="Test Cases/DataDriven/TC - ExcelSheetTwo" status="PASSED">
         <system-out><![CDATA[2019-11-01 21:37:24 - [TEST_CASE][PASSED] - Test Cases/DataDriven/TC - ExcelSheetTwo: Test Cases/DataDriven/TC - ExcelSheetTwo

2019-11-01 21:37:25 - [TEST_STEP][PASSED] - println(varthree): null

2019-11-01 21:37:25 - [TEST_STEP][PASSED] - println(varfour): null]]></system-out>
         <system-err><![CDATA[]]></system-err>
      </testcase>
      <testcase name="Test Cases/DataDriven/TC - ExcelSheetTwo" classname="Test Cases/DataDriven/TC - ExcelSheetTwo" status="PASSED">
         <system-out><![CDATA[2019-11-01 21:37:25 - [TEST_CASE][PASSED] - Test Cases/DataDriven/TC - ExcelSheetTwo: Test Cases/DataDriven/TC - ExcelSheetTwo

2019-11-01 21:37:25 - [TEST_STEP][PASSED] - println(varthree): null

2019-11-01 21:37:25 - [TEST_STEP][PASSED] - println(varfour): null]]></system-out>
         <system-err><![CDATA[]]></system-err>
      </testcase>
      <testcase name="Test Cases/DataDriven/TC - ExcelSheetTwo" classname="Test Cases/DataDriven/TC - ExcelSheetTwo" status="PASSED">
         <system-out><![CDATA[2019-11-01 21:37:25 - [TEST_CASE][PASSED] - Test Cases/DataDriven/TC - ExcelSheetTwo: Test Cases/DataDriven/TC - ExcelSheetTwo

2019-11-01 21:37:25 - [TEST_STEP][PASSED] - println(varthree): null

2019-11-01 21:37:25 - [TEST_STEP][PASSED] - println(varfour): null]]></system-out>
         <system-err><![CDATA[]]></system-err>
      </testcase>
      <testcase name="Test Cases/DataDriven/TC - ExcelSheetTwo" classname="Test Cases/DataDriven/TC - ExcelSheetTwo" status="PASSED">
         <system-out><![CDATA[2019-11-01 21:37:25 - [TEST_CASE][PASSED] - Test Cases/DataDriven/TC - ExcelSheetTwo: Test Cases/DataDriven/TC - ExcelSheetTwo

2019-11-01 21:37:25 - [TEST_STEP][PASSED] - println(varthree): null

2019-11-01 21:37:25 - [TEST_STEP][PASSED] - println(varfour): null]]></system-out>
         <system-err><![CDATA[]]></system-err>
      </testcase>
      <testcase name="Test Cases/DataDriven/TC - ExcelSheetTwo" classname="Test Cases/DataDriven/TC - ExcelSheetTwo" status="PASSED">
         <system-out><![CDATA[2019-11-01 21:37:25 - [TEST_CASE][PASSED] - Test Cases/DataDriven/TC - ExcelSheetTwo: Test Cases/DataDriven/TC - ExcelSheetTwo

2019-11-01 21:37:25 - [TEST_STEP][PASSED] - println(varthree): null

2019-11-01 21:37:25 - [TEST_STEP][PASSED] - println(varfour): null]]></system-out>
         <system-err><![CDATA[]]></system-err>
      </testcase>
      <testcase name="Test Cases/DataDriven/TC - ExcelSheetTwo" classname="Test Cases/DataDriven/TC - ExcelSheetTwo" status="PASSED">
         <system-out><![CDATA[2019-11-01 21:37:25 - [TEST_CASE][PASSED] - Test Cases/DataDriven/TC - ExcelSheetTwo: Test Cases/DataDriven/TC - ExcelSheetTwo

2019-11-01 21:37:25 - [TEST_STEP][PASSED] - println(varthree): null

2019-11-01 21:37:25 - [TEST_STEP][PASSED] - println(varfour): null]]></system-out>
         <system-err><![CDATA[]]></system-err>
      </testcase>
      <system-out><![CDATA[2019-11-01 21:37:06 - [TEST_SUITE][PASSED] - MultipleSheet: Test Cases/DataDriven/TC - ExcelSheetTwo]]></system-out>
      <system-err><![CDATA[]]></system-err>
   </testsuite>
</testsuites>
