<?xml version="1.0" encoding="UTF-8"?>
<testsuites name="MultipleSheet" time="29" tests="7" failures="0" errors="0">
   <testsuite name="MultipleSheet" tests="7" failures="0" errors="0" time="29" timestamp="2019-11-07 20:42:39" hostname="rathr1 - L33986WUS.rpega.com" id="Test Suites/MultipleSheet">
      <properties>
         <property name="deviceName" value=""/>
         <property name="devicePlatform" value=""/>
         <property name="logFolder" value="C:\\Data\\GitHub\\SeleniumAutomationWithKatalonStudio6.0.x\\Reports\\MultipleSheet\\20191107_204236"/>
         <property name="logFiles" value="C:\\Data\\GitHub\\SeleniumAutomationWithKatalonStudio6.0.x\\Reports\\MultipleSheet\\20191107_204236\\execution0.log"/>
         <property name="attachments" value=""/>
         <property name="hostName" value="rathr1 - L33986WUS.rpega.com"/>
         <property name="os" value="Windows 10 64bit"/>
         <property name="katalonVersion" value="6.0.6.4"/>
         <property name="browser" value="Chrome 77.0.3865.120"/>
         <property name="hostAddress" value="55.55.55.1"/>
         <property name="sessionId" value="3e47b3926a36d30a26f166d9ce312633"/>
         <property name="seleniumVersion" value="3.7.1"/>
         <property name="proxyInformation" value="ProxyInformation{proxyOption=NO_PROXY, proxyServerType=HTTP, password=, proxyServerAddress=, proxyServerPort=0}"/>
         <property name="platform" value="Windows 10"/>
      </properties>
      <testcase name="Test Cases/DataDriven/TC - ExcelSheetOne" classname="Test Cases/DataDriven/TC - ExcelSheetOne" status="PASSED">
         <system-out><![CDATA[2019-11-07 20:43:02 - [TEST_CASE][PASSED] - Test Cases/DataDriven/TC - ExcelSheetOne: Test Cases/DataDriven/TC - ExcelSheetOne

2019-11-07 20:43:03 - [TEST_STEP][PASSED] - println(varone): null

2019-11-07 20:43:03 - [TEST_STEP][PASSED] - println(vartwo): null

2019-11-07 20:43:03 - [TEST_STEP][PASSED] - callTestCase(findTestCase("DataDriven/TC - ExcelSheetTwo"), ["varthree":a, "varfour":b], STOP_ON_FAILURE): Call Test Case 'Test Cases/DataDriven/TC - ExcelSheetTwo' successfully

2019-11-07 20:43:03 - [TEST_CASE][PASSED] - Test Cases/DataDriven/TC - ExcelSheetTwo: Test Cases/DataDriven/TC - ExcelSheetTwo

2019-11-07 20:43:04 - [TEST_STEP][PASSED] - println(varthree): null

2019-11-07 20:43:04 - [TEST_STEP][PASSED] - println(varfour): null

2019-11-07 20:43:04 - [MESSAGE][PASSED] - Call Test Case 'Test Cases/DataDriven/TC - ExcelSheetTwo' successfully]]></system-out>
         <system-err><![CDATA[]]></system-err>
      </testcase>
      <testcase name="Test Cases/DataDriven/TC - ExcelSheetOne" classname="Test Cases/DataDriven/TC - ExcelSheetOne" status="PASSED">
         <system-out><![CDATA[2019-11-07 20:43:04 - [TEST_CASE][PASSED] - Test Cases/DataDriven/TC - ExcelSheetOne: Test Cases/DataDriven/TC - ExcelSheetOne

2019-11-07 20:43:04 - [TEST_STEP][PASSED] - println(varone): null

2019-11-07 20:43:04 - [TEST_STEP][PASSED] - println(vartwo): null

2019-11-07 20:43:04 - [TEST_STEP][PASSED] - callTestCase(findTestCase("DataDriven/TC - ExcelSheetTwo"), ["varthree":a, "varfour":b], STOP_ON_FAILURE): Call Test Case 'Test Cases/DataDriven/TC - ExcelSheetTwo' successfully

2019-11-07 20:43:04 - [TEST_CASE][PASSED] - Test Cases/DataDriven/TC - ExcelSheetTwo: Test Cases/DataDriven/TC - ExcelSheetTwo

2019-11-07 20:43:04 - [TEST_STEP][PASSED] - println(varthree): null

2019-11-07 20:43:04 - [TEST_STEP][PASSED] - println(varfour): null

2019-11-07 20:43:04 - [MESSAGE][PASSED] - Call Test Case 'Test Cases/DataDriven/TC - ExcelSheetTwo' successfully]]></system-out>
         <system-err><![CDATA[]]></system-err>
      </testcase>
      <testcase name="Test Cases/DataDriven/TC - ExcelSheetOne" classname="Test Cases/DataDriven/TC - ExcelSheetOne" status="PASSED">
         <system-out><![CDATA[2019-11-07 20:43:04 - [TEST_CASE][PASSED] - Test Cases/DataDriven/TC - ExcelSheetOne: Test Cases/DataDriven/TC - ExcelSheetOne

2019-11-07 20:43:04 - [TEST_STEP][PASSED] - println(varone): null

2019-11-07 20:43:04 - [TEST_STEP][PASSED] - println(vartwo): null

2019-11-07 20:43:05 - [TEST_STEP][PASSED] - callTestCase(findTestCase("DataDriven/TC - ExcelSheetTwo"), ["varthree":a, "varfour":b], STOP_ON_FAILURE): Call Test Case 'Test Cases/DataDriven/TC - ExcelSheetTwo' successfully

2019-11-07 20:43:05 - [TEST_CASE][PASSED] - Test Cases/DataDriven/TC - ExcelSheetTwo: Test Cases/DataDriven/TC - ExcelSheetTwo

2019-11-07 20:43:05 - [TEST_STEP][PASSED] - println(varthree): null

2019-11-07 20:43:05 - [TEST_STEP][PASSED] - println(varfour): null

2019-11-07 20:43:05 - [MESSAGE][PASSED] - Call Test Case 'Test Cases/DataDriven/TC - ExcelSheetTwo' successfully]]></system-out>
         <system-err><![CDATA[]]></system-err>
      </testcase>
      <testcase name="Test Cases/DataDriven/TC - ExcelSheetOne" classname="Test Cases/DataDriven/TC - ExcelSheetOne" status="PASSED">
         <system-out><![CDATA[2019-11-07 20:43:05 - [TEST_CASE][PASSED] - Test Cases/DataDriven/TC - ExcelSheetOne: Test Cases/DataDriven/TC - ExcelSheetOne

2019-11-07 20:43:05 - [TEST_STEP][PASSED] - println(varone): null

2019-11-07 20:43:05 - [TEST_STEP][PASSED] - println(vartwo): null

2019-11-07 20:43:05 - [TEST_STEP][PASSED] - callTestCase(findTestCase("DataDriven/TC - ExcelSheetTwo"), ["varthree":a, "varfour":b], STOP_ON_FAILURE): Call Test Case 'Test Cases/DataDriven/TC - ExcelSheetTwo' successfully

2019-11-07 20:43:05 - [TEST_CASE][PASSED] - Test Cases/DataDriven/TC - ExcelSheetTwo: Test Cases/DataDriven/TC - ExcelSheetTwo

2019-11-07 20:43:05 - [TEST_STEP][PASSED] - println(varthree): null

2019-11-07 20:43:05 - [TEST_STEP][PASSED] - println(varfour): null

2019-11-07 20:43:05 - [MESSAGE][PASSED] - Call Test Case 'Test Cases/DataDriven/TC - ExcelSheetTwo' successfully]]></system-out>
         <system-err><![CDATA[]]></system-err>
      </testcase>
      <testcase name="Test Cases/DataDriven/TC - ExcelSheetOne" classname="Test Cases/DataDriven/TC - ExcelSheetOne" status="PASSED">
         <system-out><![CDATA[2019-11-07 20:43:05 - [TEST_CASE][PASSED] - Test Cases/DataDriven/TC - ExcelSheetOne: Test Cases/DataDriven/TC - ExcelSheetOne

2019-11-07 20:43:05 - [TEST_STEP][PASSED] - println(varone): null

2019-11-07 20:43:05 - [TEST_STEP][PASSED] - println(vartwo): null

2019-11-07 20:43:05 - [TEST_STEP][PASSED] - callTestCase(findTestCase("DataDriven/TC - ExcelSheetTwo"), ["varthree":a, "varfour":b], STOP_ON_FAILURE): Call Test Case 'Test Cases/DataDriven/TC - ExcelSheetTwo' successfully

2019-11-07 20:43:05 - [TEST_CASE][PASSED] - Test Cases/DataDriven/TC - ExcelSheetTwo: Test Cases/DataDriven/TC - ExcelSheetTwo

2019-11-07 20:43:06 - [TEST_STEP][PASSED] - println(varthree): null

2019-11-07 20:43:06 - [TEST_STEP][PASSED] - println(varfour): null

2019-11-07 20:43:06 - [MESSAGE][PASSED] - Call Test Case 'Test Cases/DataDriven/TC - ExcelSheetTwo' successfully]]></system-out>
         <system-err><![CDATA[]]></system-err>
      </testcase>
      <testcase name="Test Cases/DataDriven/TC - ExcelSheetOne" classname="Test Cases/DataDriven/TC - ExcelSheetOne" status="PASSED">
         <system-out><![CDATA[2019-11-07 20:43:06 - [TEST_CASE][PASSED] - Test Cases/DataDriven/TC - ExcelSheetOne: Test Cases/DataDriven/TC - ExcelSheetOne

2019-11-07 20:43:06 - [TEST_STEP][PASSED] - println(varone): null

2019-11-07 20:43:06 - [TEST_STEP][PASSED] - println(vartwo): null

2019-11-07 20:43:06 - [TEST_STEP][PASSED] - callTestCase(findTestCase("DataDriven/TC - ExcelSheetTwo"), ["varthree":a, "varfour":b], STOP_ON_FAILURE): Call Test Case 'Test Cases/DataDriven/TC - ExcelSheetTwo' successfully

2019-11-07 20:43:06 - [TEST_CASE][PASSED] - Test Cases/DataDriven/TC - ExcelSheetTwo: Test Cases/DataDriven/TC - ExcelSheetTwo

2019-11-07 20:43:06 - [TEST_STEP][PASSED] - println(varthree): null

2019-11-07 20:43:06 - [TEST_STEP][PASSED] - println(varfour): null

2019-11-07 20:43:06 - [MESSAGE][PASSED] - Call Test Case 'Test Cases/DataDriven/TC - ExcelSheetTwo' successfully]]></system-out>
         <system-err><![CDATA[]]></system-err>
      </testcase>
      <testcase name="Test Cases/DataDriven/TC - ExcelSheetOne" classname="Test Cases/DataDriven/TC - ExcelSheetOne" status="PASSED">
         <system-out><![CDATA[2019-11-07 20:43:06 - [TEST_CASE][PASSED] - Test Cases/DataDriven/TC - ExcelSheetOne: Test Cases/DataDriven/TC - ExcelSheetOne

2019-11-07 20:43:06 - [TEST_STEP][PASSED] - println(varone): null

2019-11-07 20:43:06 - [TEST_STEP][PASSED] - println(vartwo): null

2019-11-07 20:43:06 - [TEST_STEP][PASSED] - callTestCase(findTestCase("DataDriven/TC - ExcelSheetTwo"), ["varthree":a, "varfour":b], STOP_ON_FAILURE): Call Test Case 'Test Cases/DataDriven/TC - ExcelSheetTwo' successfully

2019-11-07 20:43:06 - [TEST_CASE][PASSED] - Test Cases/DataDriven/TC - ExcelSheetTwo: Test Cases/DataDriven/TC - ExcelSheetTwo

2019-11-07 20:43:06 - [TEST_STEP][PASSED] - println(varthree): null

2019-11-07 20:43:06 - [TEST_STEP][PASSED] - println(varfour): null

2019-11-07 20:43:07 - [MESSAGE][PASSED] - Call Test Case 'Test Cases/DataDriven/TC - ExcelSheetTwo' successfully]]></system-out>
         <system-err><![CDATA[]]></system-err>
      </testcase>
      <system-out><![CDATA[2019-11-07 20:42:39 - [TEST_SUITE][PASSED] - MultipleSheet: Test Cases/DataDriven/TC - ExcelSheetOne]]></system-out>
      <system-err><![CDATA[]]></system-err>
   </testsuite>
</testsuites>
