<?xml version="1.0" encoding="UTF-8"?>
<testsuites name="AlertTestSuite" time="52.465" tests="2" failures="0" skips="0" errors="0">
   <testsuite name="AlertTestSuite" tests="2" failures="0" errors="0" time="52.465" skips="0" timestamp="2021-05-22 10:48:21" hostname="rathr1 - L41992WUS.rpega.com" id="Test Suites/AlertTestSuite">
      <properties>
         <property name="deviceName" value=""/>
         <property name="devicePlatform" value=""/>
         <property name="logFolder" value="C:\\Data\\GitHub\\SeleniumAutomationWithKatalonStudio7.4.x\\Reports\\20210522_104814\\AlertTestSuite\\20210522_104814"/>
         <property name="logFiles" value="C:\\Data\\GitHub\\SeleniumAutomationWithKatalonStudio7.4.x\\Reports\\20210522_104814\\AlertTestSuite\\20210522_104814\\execution0.log"/>
         <property name="attachments" value=""/>
         <property name="hostName" value="rathr1 - L41992WUS.rpega.com"/>
         <property name="os" value="Windows 10 64bit"/>
         <property name="katalonVersion" value="7.8.0.208"/>
         <property name="browser" value="Chrome 90.0.4430.212"/>
         <property name="hostAddress" value="55.55.55.1"/>
         <property name="sessionId" value="5d07a0a1fc4870a2759b73f311ab6daa"/>
         <property name="seleniumVersion" value="3.141.59"/>
         <property name="proxyInformation" value="ProxyInformation { proxyOption=NO_PROXY, proxyServerType=HTTP, username=, password=********, proxyServerAddress=, proxyServerPort=0, executionList=&quot;&quot;, isApplyToDesiredCapabilities=true }"/>
         <property name="platform" value="Windows 10"/>
      </properties>
      <testcase name="Test Cases/Alert/TC-HandleAlert - Multiple" time="39.436" classname="Test Cases/Alert/TC-HandleAlert - Multiple" status="PASSED">
         <system-out><![CDATA[2021-05-22 10:48:25 - [TEST_CASE][PASSED] - Test Cases/Alert/TC-HandleAlert - Multiple: Test Cases/Alert/TC-HandleAlert - Multiple

2021-05-22 10:48:26 - [TEST_STEP][PASSED] - openBrowser("https://www.w3schools.com/js/js_popup.asp"): Browser is opened with url: 'https://www.w3schools.com/js/js_popup.asp'

2021-05-22 10:48:26 - [MESSAGE][WARNING] - A browser is already opened. Closing browser and opening a new one

2021-05-22 10:48:26 - [MESSAGE][INFO] - Starting 'Chrome' driver

2021-05-22 10:48:26 - [MESSAGE][INFO] - Action delay is set to 0 milliseconds

2021-05-22 10:48:29 - [MESSAGE][PASSED] - Browser is opened with url: 'https://www.w3schools.com/js/js_popup.asp'

2021-05-22 10:48:29 - [TEST_STEP][PASSED] - waitForPageLoad(TimeOut): Wait for page load successfully

2021-05-22 10:48:29 - [MESSAGE][PASSED] - Wait for page load successfully

2021-05-22 10:48:29 - [TEST_STEP][PASSED] - maximizeWindow(): Current window maximized

2021-05-22 10:48:29 - [MESSAGE][PASSED] - Current window maximized

2021-05-22 10:48:29 - [TEST_STEP][PASSED] - click(findTestObject("W3School/TryItBtn")): Object: 'Object Repository/W3School/TryItBtn' is clicked on

2021-05-22 10:48:29 - [MESSAGE][PASSED] - Object: 'Object Repository/W3School/TryItBtn' is clicked on

2021-05-22 10:48:29 - [TEST_STEP][PASSED] - delay(1): Delayed 1 second(s)

2021-05-22 10:48:30 - [MESSAGE][PASSED] - Delayed 1 second(s)

2021-05-22 10:48:30 - [TEST_STEP][PASSED] - switchToWindowIndex(1): Switched to window with index: '1'

2021-05-22 10:48:30 - [MESSAGE][PASSED] - Switched to window with index: '1'

2021-05-22 10:48:30 - [TEST_STEP][PASSED] - switchToFrame(findTestObject("W3School/TryItButtonFrame"), TimeOut): null

2021-05-22 10:48:30 - [TEST_STEP][PASSED] - click(findTestObject("W3School/TryButton")): Object: 'Object Repository/W3School/TryButton' is clicked on

2021-05-22 10:48:30 - [MESSAGE][PASSED] - Object: 'Object Repository/W3School/TryButton' is clicked on

2021-05-22 10:48:30 - [TEST_STEP][PASSED] - acceptAlert(): Alert accepted

2021-05-22 10:48:30 - [MESSAGE][PASSED] - Alert accepted

2021-05-22 10:48:30 - [TEST_STEP][PASSED] - switchToDefaultContent(): null

2021-05-22 10:48:30 - [TEST_STEP][PASSED] - closeBrowser(): Browser is closed

2021-05-22 10:48:31 - [MESSAGE][PASSED] - Browser is closed

2021-05-22 10:48:31 - [TEST_STEP][PASSED] - openBrowser("https://www.w3schools.com/js/js_popup.asp"): Browser is opened with url: 'https://www.w3schools.com/js/js_popup.asp'

2021-05-22 10:48:31 - [MESSAGE][INFO] - Starting 'Chrome' driver

2021-05-22 10:48:31 - [MESSAGE][INFO] - Action delay is set to 0 milliseconds

2021-05-22 10:48:33 - [MESSAGE][PASSED] - Browser is opened with url: 'https://www.w3schools.com/js/js_popup.asp'

2021-05-22 10:48:33 - [TEST_STEP][PASSED] - waitForPageLoad(TimeOut): Wait for page load successfully

2021-05-22 10:48:33 - [MESSAGE][PASSED] - Wait for page load successfully

2021-05-22 10:48:33 - [TEST_STEP][PASSED] - maximizeWindow(): Current window maximized

2021-05-22 10:48:33 - [MESSAGE][PASSED] - Current window maximized

2021-05-22 10:48:33 - [TEST_STEP][PASSED] - click(findTestObject("W3School/TryItBtn")): Object: 'Object Repository/W3School/TryItBtn' is clicked on

2021-05-22 10:48:33 - [MESSAGE][PASSED] - Object: 'Object Repository/W3School/TryItBtn' is clicked on

2021-05-22 10:48:33 - [TEST_STEP][PASSED] - delay(1): Delayed 1 second(s)

2021-05-22 10:48:34 - [MESSAGE][PASSED] - Delayed 1 second(s)

2021-05-22 10:48:34 - [TEST_STEP][PASSED] - switchToWindowIndex(1): Switched to window with index: '1'

2021-05-22 10:48:34 - [MESSAGE][PASSED] - Switched to window with index: '1'

2021-05-22 10:48:34 - [TEST_STEP][PASSED] - switchToFrame(findTestObject("W3School/TryItButtonFrame"), TimeOut): null

2021-05-22 10:48:35 - [TEST_STEP][PASSED] - click(findTestObject("W3School/TryButton")): Object: 'Object Repository/W3School/TryButton' is clicked on

2021-05-22 10:48:35 - [MESSAGE][PASSED] - Object: 'Object Repository/W3School/TryButton' is clicked on

2021-05-22 10:48:35 - [TEST_STEP][PASSED] - acceptAlert(): Alert accepted

2021-05-22 10:48:35 - [MESSAGE][PASSED] - Alert accepted

2021-05-22 10:48:35 - [TEST_STEP][PASSED] - switchToDefaultContent(): null

2021-05-22 10:48:35 - [TEST_STEP][PASSED] - closeBrowser(): Browser is closed

2021-05-22 10:48:35 - [MESSAGE][PASSED] - Browser is closed

2021-05-22 10:48:35 - [TEST_STEP][PASSED] - openBrowser("https://www.w3schools.com/js/js_popup.asp"): Browser is opened with url: 'https://www.w3schools.com/js/js_popup.asp'

2021-05-22 10:48:35 - [MESSAGE][INFO] - Starting 'Chrome' driver

2021-05-22 10:48:35 - [MESSAGE][INFO] - Action delay is set to 0 milliseconds

2021-05-22 10:48:38 - [MESSAGE][PASSED] - Browser is opened with url: 'https://www.w3schools.com/js/js_popup.asp'

2021-05-22 10:48:38 - [TEST_STEP][PASSED] - waitForPageLoad(TimeOut): Wait for page load successfully

2021-05-22 10:48:38 - [MESSAGE][PASSED] - Wait for page load successfully

2021-05-22 10:48:38 - [TEST_STEP][PASSED] - maximizeWindow(): Current window maximized

2021-05-22 10:48:38 - [MESSAGE][PASSED] - Current window maximized

2021-05-22 10:48:38 - [TEST_STEP][PASSED] - click(findTestObject("W3School/TryItBtn")): Object: 'Object Repository/W3School/TryItBtn' is clicked on

2021-05-22 10:48:38 - [MESSAGE][PASSED] - Object: 'Object Repository/W3School/TryItBtn' is clicked on

2021-05-22 10:48:38 - [TEST_STEP][PASSED] - delay(1): Delayed 1 second(s)

2021-05-22 10:48:39 - [MESSAGE][PASSED] - Delayed 1 second(s)

2021-05-22 10:48:39 - [TEST_STEP][PASSED] - switchToWindowIndex(1): Switched to window with index: '1'

2021-05-22 10:48:39 - [MESSAGE][PASSED] - Switched to window with index: '1'

2021-05-22 10:48:39 - [TEST_STEP][PASSED] - switchToFrame(findTestObject("W3School/TryItButtonFrame"), TimeOut): null

2021-05-22 10:48:39 - [TEST_STEP][PASSED] - click(findTestObject("W3School/TryButton")): Object: 'Object Repository/W3School/TryButton' is clicked on

2021-05-22 10:48:39 - [MESSAGE][PASSED] - Object: 'Object Repository/W3School/TryButton' is clicked on

2021-05-22 10:48:39 - [TEST_STEP][PASSED] - acceptAlert(): Alert accepted

2021-05-22 10:48:39 - [MESSAGE][PASSED] - Alert accepted

2021-05-22 10:48:39 - [TEST_STEP][PASSED] - switchToDefaultContent(): null

2021-05-22 10:48:39 - [TEST_STEP][PASSED] - closeBrowser(): Browser is closed

2021-05-22 10:48:40 - [MESSAGE][PASSED] - Browser is closed

2021-05-22 10:48:40 - [TEST_STEP][PASSED] - openBrowser("https://www.w3schools.com/js/js_popup.asp"): Browser is opened with url: 'https://www.w3schools.com/js/js_popup.asp'

2021-05-22 10:48:40 - [MESSAGE][INFO] - Starting 'Chrome' driver

2021-05-22 10:48:40 - [MESSAGE][INFO] - Action delay is set to 0 milliseconds

2021-05-22 10:48:43 - [MESSAGE][PASSED] - Browser is opened with url: 'https://www.w3schools.com/js/js_popup.asp'

2021-05-22 10:48:43 - [TEST_STEP][PASSED] - waitForPageLoad(TimeOut): Wait for page load successfully

2021-05-22 10:48:43 - [MESSAGE][PASSED] - Wait for page load successfully

2021-05-22 10:48:43 - [TEST_STEP][PASSED] - maximizeWindow(): Current window maximized

2021-05-22 10:48:43 - [MESSAGE][PASSED] - Current window maximized

2021-05-22 10:48:43 - [TEST_STEP][PASSED] - click(findTestObject("W3School/TryItBtn")): Object: 'Object Repository/W3School/TryItBtn' is clicked on

2021-05-22 10:48:43 - [MESSAGE][PASSED] - Object: 'Object Repository/W3School/TryItBtn' is clicked on

2021-05-22 10:48:43 - [TEST_STEP][PASSED] - delay(1): Delayed 1 second(s)

2021-05-22 10:48:44 - [MESSAGE][PASSED] - Delayed 1 second(s)

2021-05-22 10:48:44 - [TEST_STEP][PASSED] - switchToWindowIndex(1): Switched to window with index: '1'

2021-05-22 10:48:44 - [MESSAGE][PASSED] - Switched to window with index: '1'

2021-05-22 10:48:44 - [TEST_STEP][PASSED] - switchToFrame(findTestObject("W3School/TryItButtonFrame"), TimeOut): null

2021-05-22 10:48:44 - [TEST_STEP][PASSED] - click(findTestObject("W3School/TryButton")): Object: 'Object Repository/W3School/TryButton' is clicked on

2021-05-22 10:48:44 - [MESSAGE][PASSED] - Object: 'Object Repository/W3School/TryButton' is clicked on

2021-05-22 10:48:44 - [TEST_STEP][PASSED] - acceptAlert(): Alert accepted

2021-05-22 10:48:44 - [MESSAGE][PASSED] - Alert accepted

2021-05-22 10:48:44 - [TEST_STEP][PASSED] - switchToDefaultContent(): null

2021-05-22 10:48:44 - [TEST_STEP][PASSED] - closeBrowser(): Browser is closed

2021-05-22 10:48:45 - [MESSAGE][PASSED] - Browser is closed

2021-05-22 10:48:45 - [TEST_STEP][PASSED] - openBrowser("https://www.w3schools.com/js/js_popup.asp"): Browser is opened with url: 'https://www.w3schools.com/js/js_popup.asp'

2021-05-22 10:48:45 - [MESSAGE][INFO] - Starting 'Chrome' driver

2021-05-22 10:48:45 - [MESSAGE][INFO] - Action delay is set to 0 milliseconds

2021-05-22 10:48:47 - [MESSAGE][PASSED] - Browser is opened with url: 'https://www.w3schools.com/js/js_popup.asp'

2021-05-22 10:48:47 - [TEST_STEP][PASSED] - waitForPageLoad(TimeOut): Wait for page load successfully

2021-05-22 10:48:47 - [MESSAGE][PASSED] - Wait for page load successfully

2021-05-22 10:48:47 - [TEST_STEP][PASSED] - maximizeWindow(): Current window maximized

2021-05-22 10:48:47 - [MESSAGE][PASSED] - Current window maximized

2021-05-22 10:48:47 - [TEST_STEP][PASSED] - click(findTestObject("W3School/TryItBtn")): Object: 'Object Repository/W3School/TryItBtn' is clicked on

2021-05-22 10:48:48 - [MESSAGE][PASSED] - Object: 'Object Repository/W3School/TryItBtn' is clicked on

2021-05-22 10:48:48 - [TEST_STEP][PASSED] - delay(1): Delayed 1 second(s)

2021-05-22 10:48:49 - [MESSAGE][PASSED] - Delayed 1 second(s)

2021-05-22 10:48:49 - [TEST_STEP][PASSED] - switchToWindowIndex(1): Switched to window with index: '1'

2021-05-22 10:48:49 - [MESSAGE][PASSED] - Switched to window with index: '1'

2021-05-22 10:48:49 - [TEST_STEP][PASSED] - switchToFrame(findTestObject("W3School/TryItButtonFrame"), TimeOut): null

2021-05-22 10:48:49 - [TEST_STEP][PASSED] - click(findTestObject("W3School/TryButton")): Object: 'Object Repository/W3School/TryButton' is clicked on

2021-05-22 10:48:49 - [MESSAGE][PASSED] - Object: 'Object Repository/W3School/TryButton' is clicked on

2021-05-22 10:48:49 - [TEST_STEP][PASSED] - acceptAlert(): Alert accepted

2021-05-22 10:48:49 - [MESSAGE][PASSED] - Alert accepted

2021-05-22 10:48:49 - [TEST_STEP][PASSED] - switchToDefaultContent(): null

2021-05-22 10:48:49 - [TEST_STEP][PASSED] - closeBrowser(): Browser is closed

2021-05-22 10:48:50 - [MESSAGE][PASSED] - Browser is closed

2021-05-22 10:48:50 - [TEST_STEP][PASSED] - openBrowser("https://www.w3schools.com/js/js_popup.asp"): Browser is opened with url: 'https://www.w3schools.com/js/js_popup.asp'

2021-05-22 10:48:50 - [MESSAGE][INFO] - Starting 'Chrome' driver

2021-05-22 10:48:50 - [MESSAGE][INFO] - Action delay is set to 0 milliseconds

2021-05-22 10:48:52 - [MESSAGE][PASSED] - Browser is opened with url: 'https://www.w3schools.com/js/js_popup.asp'

2021-05-22 10:48:52 - [TEST_STEP][PASSED] - waitForPageLoad(TimeOut): Wait for page load successfully

2021-05-22 10:48:52 - [MESSAGE][PASSED] - Wait for page load successfully

2021-05-22 10:48:52 - [TEST_STEP][PASSED] - maximizeWindow(): Current window maximized

2021-05-22 10:48:53 - [MESSAGE][PASSED] - Current window maximized

2021-05-22 10:48:53 - [TEST_STEP][PASSED] - click(findTestObject("W3School/TryItBtn")): Object: 'Object Repository/W3School/TryItBtn' is clicked on

2021-05-22 10:48:53 - [MESSAGE][PASSED] - Object: 'Object Repository/W3School/TryItBtn' is clicked on

2021-05-22 10:48:53 - [TEST_STEP][PASSED] - delay(1): Delayed 1 second(s)

2021-05-22 10:48:54 - [MESSAGE][PASSED] - Delayed 1 second(s)

2021-05-22 10:48:54 - [TEST_STEP][PASSED] - switchToWindowIndex(1): Switched to window with index: '1'

2021-05-22 10:48:54 - [MESSAGE][PASSED] - Switched to window with index: '1'

2021-05-22 10:48:54 - [TEST_STEP][PASSED] - switchToFrame(findTestObject("W3School/TryItButtonFrame"), TimeOut): null

2021-05-22 10:48:54 - [TEST_STEP][PASSED] - click(findTestObject("W3School/TryButton")): Object: 'Object Repository/W3School/TryButton' is clicked on

2021-05-22 10:48:54 - [MESSAGE][PASSED] - Object: 'Object Repository/W3School/TryButton' is clicked on

2021-05-22 10:48:54 - [TEST_STEP][PASSED] - acceptAlert(): Alert accepted

2021-05-22 10:48:54 - [MESSAGE][PASSED] - Alert accepted

2021-05-22 10:48:54 - [TEST_STEP][PASSED] - switchToDefaultContent(): null

2021-05-22 10:48:54 - [TEST_STEP][PASSED] - closeBrowser(): Browser is closed

2021-05-22 10:48:55 - [MESSAGE][PASSED] - Browser is closed

2021-05-22 10:48:55 - [TEST_STEP][PASSED] - openBrowser("https://www.w3schools.com/js/js_popup.asp"): Browser is opened with url: 'https://www.w3schools.com/js/js_popup.asp'

2021-05-22 10:48:55 - [MESSAGE][INFO] - Starting 'Chrome' driver

2021-05-22 10:48:55 - [MESSAGE][INFO] - Action delay is set to 0 milliseconds

2021-05-22 10:48:58 - [MESSAGE][PASSED] - Browser is opened with url: 'https://www.w3schools.com/js/js_popup.asp'

2021-05-22 10:48:58 - [TEST_STEP][PASSED] - waitForPageLoad(TimeOut): Wait for page load successfully

2021-05-22 10:48:58 - [MESSAGE][PASSED] - Wait for page load successfully

2021-05-22 10:48:58 - [TEST_STEP][PASSED] - maximizeWindow(): Current window maximized

2021-05-22 10:48:58 - [MESSAGE][PASSED] - Current window maximized

2021-05-22 10:48:58 - [TEST_STEP][PASSED] - click(findTestObject("W3School/TryItBtn")): Object: 'Object Repository/W3School/TryItBtn' is clicked on

2021-05-22 10:48:58 - [MESSAGE][PASSED] - Object: 'Object Repository/W3School/TryItBtn' is clicked on

2021-05-22 10:48:58 - [TEST_STEP][PASSED] - delay(1): Delayed 1 second(s)

2021-05-22 10:48:59 - [MESSAGE][PASSED] - Delayed 1 second(s)

2021-05-22 10:48:59 - [TEST_STEP][PASSED] - switchToWindowIndex(1): Switched to window with index: '1'

2021-05-22 10:48:59 - [MESSAGE][PASSED] - Switched to window with index: '1'

2021-05-22 10:48:59 - [TEST_STEP][PASSED] - switchToFrame(findTestObject("W3School/TryItButtonFrame"), TimeOut): null

2021-05-22 10:48:59 - [TEST_STEP][PASSED] - click(findTestObject("W3School/TryButton")): Object: 'Object Repository/W3School/TryButton' is clicked on

2021-05-22 10:48:59 - [MESSAGE][PASSED] - Object: 'Object Repository/W3School/TryButton' is clicked on

2021-05-22 10:48:59 - [TEST_STEP][PASSED] - acceptAlert(): Alert accepted

2021-05-22 10:48:59 - [MESSAGE][PASSED] - Alert accepted

2021-05-22 10:48:59 - [TEST_STEP][PASSED] - switchToDefaultContent(): null

2021-05-22 10:48:59 - [TEST_STEP][PASSED] - closeBrowser(): Browser is closed

2021-05-22 10:49:00 - [MESSAGE][PASSED] - Browser is closed

2021-05-22 10:49:00 - [TEST_STEP][PASSED] - openBrowser("https://www.w3schools.com/js/js_popup.asp"): Browser is opened with url: 'https://www.w3schools.com/js/js_popup.asp'

2021-05-22 10:49:00 - [MESSAGE][INFO] - Starting 'Chrome' driver

2021-05-22 10:49:00 - [MESSAGE][INFO] - Action delay is set to 0 milliseconds

2021-05-22 10:49:02 - [MESSAGE][PASSED] - Browser is opened with url: 'https://www.w3schools.com/js/js_popup.asp'

2021-05-22 10:49:02 - [TEST_STEP][PASSED] - waitForPageLoad(TimeOut): Wait for page load successfully

2021-05-22 10:49:03 - [MESSAGE][PASSED] - Wait for page load successfully

2021-05-22 10:49:03 - [TEST_STEP][PASSED] - maximizeWindow(): Current window maximized

2021-05-22 10:49:03 - [MESSAGE][PASSED] - Current window maximized

2021-05-22 10:49:03 - [TEST_STEP][PASSED] - click(findTestObject("W3School/TryItBtn")): Object: 'Object Repository/W3School/TryItBtn' is clicked on

2021-05-22 10:49:03 - [MESSAGE][PASSED] - Object: 'Object Repository/W3School/TryItBtn' is clicked on

2021-05-22 10:49:03 - [TEST_STEP][PASSED] - delay(1): Delayed 1 second(s)

2021-05-22 10:49:04 - [MESSAGE][PASSED] - Delayed 1 second(s)

2021-05-22 10:49:04 - [TEST_STEP][PASSED] - switchToWindowIndex(1): Switched to window with index: '1'

2021-05-22 10:49:04 - [MESSAGE][PASSED] - Switched to window with index: '1'

2021-05-22 10:49:04 - [TEST_STEP][PASSED] - switchToFrame(findTestObject("W3School/TryItButtonFrame"), TimeOut): null

2021-05-22 10:49:04 - [TEST_STEP][PASSED] - click(findTestObject("W3School/TryButton")): Object: 'Object Repository/W3School/TryButton' is clicked on

2021-05-22 10:49:04 - [MESSAGE][PASSED] - Object: 'Object Repository/W3School/TryButton' is clicked on

2021-05-22 10:49:04 - [TEST_STEP][PASSED] - acceptAlert(): Alert accepted

2021-05-22 10:49:04 - [MESSAGE][PASSED] - Alert accepted

2021-05-22 10:49:04 - [TEST_STEP][PASSED] - switchToDefaultContent(): null

2021-05-22 10:49:04 - [TEST_STEP][PASSED] - closeBrowser(): Browser is closed

2021-05-22 10:49:05 - [MESSAGE][PASSED] - Browser is closed]]></system-out>
         <system-err><![CDATA[]]></system-err>
      </testcase>
      <testcase name="Test Cases/Alert/TC-HandleAlert" time="8.277" classname="Test Cases/Alert/TC-HandleAlert" status="PASSED">
         <system-out><![CDATA[2021-05-22 10:49:05 - [TEST_CASE][PASSED] - Test Cases/Alert/TC-HandleAlert: Test Cases/Alert/TC-HandleAlert

2021-05-22 10:49:05 - [TEST_STEP][PASSED] - openBrowser(null): Browser is opened with url: 'null'

2021-05-22 10:49:05 - [MESSAGE][INFO] - Starting 'Chrome' driver

2021-05-22 10:49:05 - [MESSAGE][INFO] - Action delay is set to 0 milliseconds

2021-05-22 10:49:06 - [MESSAGE][PASSED] - Browser is opened with url: 'null'

2021-05-22 10:49:06 - [TEST_STEP][PASSED] - navigateToUrl("https://www.w3schools.com/js/js_popup.asp"): Navigate to 'https://www.w3schools.com/js/js_popup.asp' successfully

2021-05-22 10:49:09 - [MESSAGE][PASSED] - Navigate to 'https://www.w3schools.com/js/js_popup.asp' successfully

2021-05-22 10:49:09 - [TEST_STEP][PASSED] - obj = new com.kms.katalon.core.testobject.TestObject(test): null

2021-05-22 10:49:09 - [TEST_STEP][PASSED] - obj.addProperty("xpath", EQUALS, "//table[@id='nav']//tr//td[3]//a"): null

2021-05-22 10:49:09 - [TEST_STEP][PASSED] - j = 4: null

2021-05-22 10:49:09 - [TEST_STEP][PASSED] - while (waitForElementPresent(obj, 1)): Object 'test' is not present after 1 second(s)

2021-05-22 10:49:11 - [MESSAGE][INFO] - Unable to find the element located by 'By.xpath: //table[@id='nav']//tr//td[3]//a'. Please recheck the objects properties to make sure the desired element is located. 

2021-05-22 10:49:11 - [MESSAGE][WARNING] - [SELF-HEALING] Failed to find element with id 'test'. Try using Self-healing.

2021-05-22 10:49:11 - [MESSAGE][WARNING] - [SELF-HEALING] Index: 0, Size: 0

2021-05-22 10:49:11 - [MESSAGE][WARNING] - [SELF-HEALING] Cannot find elements when the selector is null

2021-05-22 10:49:11 - [MESSAGE][WARNING] - Object 'test' is not present after 1 second(s)

2021-05-22 10:49:11 - [TEST_STEP][PASSED] - waitForPageLoad(TimeOut): Wait for page load successfully

2021-05-22 10:49:11 - [MESSAGE][PASSED] - Wait for page load successfully

2021-05-22 10:49:11 - [TEST_STEP][PASSED] - maximizeWindow(): Current window maximized

2021-05-22 10:49:11 - [MESSAGE][PASSED] - Current window maximized

2021-05-22 10:49:11 - [TEST_STEP][PASSED] - click(findTestObject("W3School/TryItBtn")): Object: 'Object Repository/W3School/TryItBtn' is clicked on

2021-05-22 10:49:11 - [MESSAGE][PASSED] - Object: 'Object Repository/W3School/TryItBtn' is clicked on

2021-05-22 10:49:11 - [TEST_STEP][PASSED] - delay(1): Delayed 1 second(s)

2021-05-22 10:49:12 - [MESSAGE][PASSED] - Delayed 1 second(s)

2021-05-22 10:49:12 - [TEST_STEP][PASSED] - switchToWindowIndex(1): Switched to window with index: '1'

2021-05-22 10:49:12 - [MESSAGE][PASSED] - Switched to window with index: '1'

2021-05-22 10:49:12 - [TEST_STEP][PASSED] - switchToFrame(findTestObject("W3School/TryItButtonFrame"), TimeOut): null

2021-05-22 10:49:12 - [TEST_STEP][PASSED] - click(findTestObject("W3School/TryButton")): Object: 'Object Repository/W3School/TryButton' is clicked on

2021-05-22 10:49:12 - [MESSAGE][PASSED] - Object: 'Object Repository/W3School/TryButton' is clicked on

2021-05-22 10:49:12 - [TEST_STEP][PASSED] - acceptAlert(): Alert accepted

2021-05-22 10:49:12 - [MESSAGE][PASSED] - Alert accepted

2021-05-22 10:49:12 - [TEST_STEP][PASSED] - switchToDefaultContent(): null

2021-05-22 10:49:12 - [TEST_STEP][PASSED] - closeBrowser(): Browser is closed

2021-05-22 10:49:13 - [MESSAGE][PASSED] - Browser is closed]]></system-out>
         <system-err><![CDATA[]]></system-err>
      </testcase>
      <system-out><![CDATA[2021-05-22 10:48:21 - [TEST_SUITE][INCOMPLETE] - AlertTestSuite: null]]></system-out>
      <system-err><![CDATA[2021-05-22 10:48:21 - [TEST_SUITE][INCOMPLETE] - AlertTestSuite: null]]></system-err>
   </testsuite>
</testsuites>
