<?xml version="1.0" encoding="UTF-8"?>
<testsuites name="DropDownSuite" time="37.376" tests="2" failures="0" skips="0" errors="0">
   <testsuite name="DropDownSuite" tests="2" failures="0" errors="0" time="37.376" skips="0" timestamp="2021-05-16 12:06:20" hostname="rathr1 - L41992WUS.rpega.com" id="Test Suites/DropDownSuite">
      <properties>
         <property name="deviceName" value=""/>
         <property name="devicePlatform" value=""/>
         <property name="logFolder" value="C:\\Data\\GitHub\\SeleniumAutomationWithKatalonStudio7.4.x\\Reports\\20210516_120611\\DropDownSuite\\20210516_120611"/>
         <property name="logFiles" value="C:\\Data\\GitHub\\SeleniumAutomationWithKatalonStudio7.4.x\\Reports\\20210516_120611\\DropDownSuite\\20210516_120611\\execution0.log"/>
         <property name="attachments" value="C:\\Data\\GitHub\\SeleniumAutomationWithKatalonStudio7.4.x\\Reports\\20210516_120611\\DropDownSuite\\20210516_120611\\1621191990962.png, C:\download\test.png, C:\\Data\\GitHub\\SeleniumAutomationWithKatalonStudio7.4.x\\Reports\\20210516_120611\\DropDownSuite\\20210516_120611\\1621192012942.png"/>
         <property name="hostName" value="rathr1 - L41992WUS.rpega.com"/>
         <property name="os" value="Windows 10 64bit"/>
         <property name="katalonVersion" value="7.8.0.208"/>
         <property name="browser" value="Chrome 90.0.4430.212"/>
         <property name="hostAddress" value="55.55.55.1"/>
         <property name="sessionId" value="ff5f49569c2f36262b14abe4934b96f5"/>
         <property name="seleniumVersion" value="3.141.59"/>
         <property name="proxyInformation" value="ProxyInformation { proxyOption=NO_PROXY, proxyServerType=HTTP, username=, password=********, proxyServerAddress=, proxyServerPort=0, executionList=&quot;&quot;, isApplyToDesiredCapabilities=true }"/>
         <property name="platform" value="Windows 10"/>
      </properties>
      <testcase name="Test Cases/DropDown/DropdownFunctionScriptMode" time="8.076" classname="Test Cases/DropDown/DropdownFunctionScriptMode" status="PASSED">
         <system-out><![CDATA[2021-05-16 12:06:24 - [TEST_CASE][PASSED] - Test Cases/DropDown/DropdownFunctionScriptMode: Test Cases/DropDown/DropdownFunctionScriptMode

2021-05-16 12:06:24 - [TEST_STEP][PASSED] - openBrowser(ApplicationUrl): Browser is opened with url: 'http://localhost:80/'

2021-05-16 12:06:24 - [MESSAGE][WARNING] - A browser is already opened. Closing browser and opening a new one

2021-05-16 12:06:25 - [MESSAGE][INFO] - Starting 'Chrome' driver

2021-05-16 12:06:25 - [MESSAGE][INFO] - Action delay is set to 0 milliseconds

2021-05-16 12:06:27 - [MESSAGE][PASSED] - Browser is opened with url: 'http://localhost:80/'

2021-05-16 12:06:27 - [TEST_STEP][PASSED] - click(findTestObject("Object Repository/Bugzilla/HomePage/FlieBugLink")): Object: 'Object Repository/Bugzilla/HomePage/FlieBugLink' is clicked on

2021-05-16 12:06:28 - [MESSAGE][PASSED] - Object: 'Object Repository/Bugzilla/HomePage/FlieBugLink' is clicked on

2021-05-16 12:06:28 - [TEST_STEP][PASSED] - sendKeys(findTestObject("Object Repository/Bugzilla/LoginPage/UsernameTxtBox"), Username): Keys 'rahul@bugzila.com' sent to object: 'Object Repository/Bugzilla/LoginPage/UsernameTxtBox'

2021-05-16 12:06:28 - [MESSAGE][PASSED] - Keys 'rahul@bugzila.com' sent to object: 'Object Repository/Bugzilla/LoginPage/UsernameTxtBox'

2021-05-16 12:06:28 - [TEST_STEP][PASSED] - sendKeys(findTestObject("Object Repository/Bugzilla/LoginPage/PasswordTxtBox"), Password): Keys 'welcome' sent to object: 'Object Repository/Bugzilla/LoginPage/PasswordTxtBox'

2021-05-16 12:06:28 - [MESSAGE][PASSED] - Keys 'welcome' sent to object: 'Object Repository/Bugzilla/LoginPage/PasswordTxtBox'

2021-05-16 12:06:28 - [TEST_STEP][PASSED] - click(findTestObject("Object Repository/Bugzilla/LoginPage/LoginBtn")): Object: 'Object Repository/Bugzilla/LoginPage/LoginBtn' is clicked on

2021-05-16 12:06:29 - [MESSAGE][PASSED] - Object: 'Object Repository/Bugzilla/LoginPage/LoginBtn' is clicked on

2021-05-16 12:06:29 - [TEST_STEP][PASSED] - click(findTestObject("Object Repository/Bugzilla/EnterBug/TestProductLink")): Object: 'Object Repository/Bugzilla/EnterBug/TestProductLink' is clicked on

2021-05-16 12:06:30 - [MESSAGE][PASSED] - Object: 'Object Repository/Bugzilla/EnterBug/TestProductLink' is clicked on

2021-05-16 12:06:30 - [TEST_STEP][PASSED] - selectOptionByIndex(findTestObject("Object Repository/Bugzilla/EnterBugDetailScreen/Hardware"), 3): All options with index in [3] are selected on object 'Object Repository/Bugzilla/EnterBugDetailScreen/Hardware'

2021-05-16 12:06:30 - [MESSAGE][PASSED] - All options with index in [3] are selected on object 'Object Repository/Bugzilla/EnterBugDetailScreen/Hardware'

2021-05-16 12:06:30 - [TEST_STEP][PASSED] - selectOptionByLabel(findTestObject("Object Repository/Bugzilla/EnterBugDetailScreen/Component"), "Primary Component", false): All options with label 'Primary Component' are selected in object 'Object Repository/Bugzilla/EnterBugDetailScreen/Component' 

2021-05-16 12:06:30 - [MESSAGE][PASSED] - All options with label 'Primary Component' are selected in object 'Object Repository/Bugzilla/EnterBugDetailScreen/Component' 

2021-05-16 12:06:30 - [TEST_STEP][PASSED] - selectOptionByValue(findTestObject("Object Repository/Bugzilla/EnterBugDetailScreen/Severity"), "normal", false): All options with value 'normal' are selected in object 'Object Repository/Bugzilla/EnterBugDetailScreen/Severity' 

2021-05-16 12:06:30 - [MESSAGE][PASSED] - All options with value 'normal' are selected in object 'Object Repository/Bugzilla/EnterBugDetailScreen/Severity' 

2021-05-16 12:06:30 - [TEST_STEP][PASSED] - a = getNumberOfTotalOption(findTestObject("Object Repository/Bugzilla/EnterBugDetailScreen/Severity")): 7 options of object 'Object Repository/Bugzilla/EnterBugDetailScreen/Severity' counted

2021-05-16 12:06:30 - [MESSAGE][PASSED] - 7 options of object 'Object Repository/Bugzilla/EnterBugDetailScreen/Severity' counted

2021-05-16 12:06:30 - [TEST_STEP][PASSED] - path = takeScreenshot(): Taking screenshot successfully

2021-05-16 12:06:31 - [MESSAGE][PASSED] - Taking screenshot successfully
[[ATTACHMENT|C:\\Data\\GitHub\\SeleniumAutomationWithKatalonStudio7.4.x\\Reports\\20210516_120611\\DropDownSuite\\20210516_120611\\1621191990962.png]]

2021-05-16 12:06:31 - [TEST_STEP][PASSED] - takeScreenshot("C:\download\test.png"): Taking screenshot successfully

2021-05-16 12:06:31 - [MESSAGE][PASSED] - Taking screenshot successfully
[[ATTACHMENT|C:\download\test.png]]

2021-05-16 12:06:31 - [TEST_STEP][PASSED] - click(findTestObject("Object Repository/Bugzilla/HomePage/LogoutBtn")): Object: 'Object Repository/Bugzilla/HomePage/LogoutBtn' is clicked on

2021-05-16 12:06:31 - [MESSAGE][PASSED] - Object: 'Object Repository/Bugzilla/HomePage/LogoutBtn' is clicked on

2021-05-16 12:06:31 - [TEST_STEP][PASSED] - closeBrowser(): Browser is closed

2021-05-16 12:06:32 - [MESSAGE][PASSED] - Browser is closed]]></system-out>
         <system-err><![CDATA[]]></system-err>
      </testcase>
      <testcase name="Test Cases/DropDown/DropDownManualMode" time="24.892" classname="Test Cases/DropDown/DropDownManualMode" status="PASSED">
         <system-out><![CDATA[2021-05-16 12:06:32 - [TEST_CASE][PASSED] - Test Cases/DropDown/DropDownManualMode: Test Cases/DropDown/DropDownManualMode

2021-05-16 12:06:32 - [TEST_STEP][PASSED] - openBrowser(ApplicationUrl): Browser is opened with url: 'http://localhost:80/'

2021-05-16 12:06:32 - [MESSAGE][INFO] - Starting 'Chrome' driver

2021-05-16 12:06:32 - [MESSAGE][INFO] - Action delay is set to 0 milliseconds

2021-05-16 12:06:34 - [MESSAGE][PASSED] - Browser is opened with url: 'http://localhost:80/'

2021-05-16 12:06:34 - [TEST_STEP][PASSED] - delay(DelayTime): Delayed 3 second(s)

2021-05-16 12:06:37 - [MESSAGE][PASSED] - Delayed 3 second(s)

2021-05-16 12:06:37 - [TEST_STEP][PASSED] - click(findTestObject("Bugzilla/HomePage/FlieBugLink")): Object: 'Object Repository/Bugzilla/HomePage/FlieBugLink' is clicked on

2021-05-16 12:06:38 - [MESSAGE][PASSED] - Object: 'Object Repository/Bugzilla/HomePage/FlieBugLink' is clicked on

2021-05-16 12:06:38 - [TEST_STEP][PASSED] - delay(DelayTime): Delayed 3 second(s)

2021-05-16 12:06:41 - [MESSAGE][PASSED] - Delayed 3 second(s)

2021-05-16 12:06:41 - [TEST_STEP][PASSED] - sendKeys(findTestObject("Bugzilla/LoginPage/UsernameTxtBox"), Username): Keys 'rahul@bugzila.com' sent to object: 'Object Repository/Bugzilla/LoginPage/UsernameTxtBox'

2021-05-16 12:06:41 - [MESSAGE][PASSED] - Keys 'rahul@bugzila.com' sent to object: 'Object Repository/Bugzilla/LoginPage/UsernameTxtBox'

2021-05-16 12:06:41 - [TEST_STEP][PASSED] - sendKeys(findTestObject("Bugzilla/LoginPage/PasswordTxtBox"), Password): Keys 'welcome' sent to object: 'Object Repository/Bugzilla/LoginPage/PasswordTxtBox'

2021-05-16 12:06:41 - [MESSAGE][PASSED] - Keys 'welcome' sent to object: 'Object Repository/Bugzilla/LoginPage/PasswordTxtBox'

2021-05-16 12:06:41 - [TEST_STEP][PASSED] - click(findTestObject("Bugzilla/LoginPage/LoginBtn")): Object: 'Object Repository/Bugzilla/LoginPage/LoginBtn' is clicked on

2021-05-16 12:06:42 - [MESSAGE][PASSED] - Object: 'Object Repository/Bugzilla/LoginPage/LoginBtn' is clicked on

2021-05-16 12:06:42 - [TEST_STEP][PASSED] - delay(DelayTime): Delayed 3 second(s)

2021-05-16 12:06:45 - [MESSAGE][PASSED] - Delayed 3 second(s)

2021-05-16 12:06:45 - [TEST_STEP][PASSED] - click(findTestObject("Bugzilla/EnterBug/TestProductLink")): Object: 'Object Repository/Bugzilla/EnterBug/TestProductLink' is clicked on

2021-05-16 12:06:46 - [MESSAGE][PASSED] - Object: 'Object Repository/Bugzilla/EnterBug/TestProductLink' is clicked on

2021-05-16 12:06:46 - [TEST_STEP][PASSED] - delay(DelayTime): Delayed 3 second(s)

2021-05-16 12:06:49 - [MESSAGE][PASSED] - Delayed 3 second(s)

2021-05-16 12:06:49 - [TEST_STEP][PASSED] - selectOptionByIndex(findTestObject("Bugzilla/EnterBugDetailScreen/Severity"), 5): All options with index in [5] are selected on object 'Object Repository/Bugzilla/EnterBugDetailScreen/Severity'

2021-05-16 12:06:49 - [MESSAGE][PASSED] - All options with index in [5] are selected on object 'Object Repository/Bugzilla/EnterBugDetailScreen/Severity'

2021-05-16 12:06:49 - [TEST_STEP][PASSED] - selectOptionByLabel(findTestObject("Bugzilla/EnterBugDetailScreen/Component"), "Basic Component", false): All options with label 'Basic Component' are selected in object 'Object Repository/Bugzilla/EnterBugDetailScreen/Component' 

2021-05-16 12:06:49 - [MESSAGE][PASSED] - All options with label 'Basic Component' are selected in object 'Object Repository/Bugzilla/EnterBugDetailScreen/Component' 

2021-05-16 12:06:49 - [TEST_STEP][PASSED] - selectOptionByValue(findTestObject("Bugzilla/EnterBugDetailScreen/Hardware"), "Macintosh", false): All options with value 'Macintosh' are selected in object 'Object Repository/Bugzilla/EnterBugDetailScreen/Hardware' 

2021-05-16 12:06:49 - [MESSAGE][PASSED] - All options with value 'Macintosh' are selected in object 'Object Repository/Bugzilla/EnterBugDetailScreen/Hardware' 

2021-05-16 12:06:49 - [TEST_STEP][PASSED] - delay(DelayTime): Delayed 3 second(s)

2021-05-16 12:06:52 - [MESSAGE][PASSED] - Delayed 3 second(s)

2021-05-16 12:06:52 - [TEST_STEP][PASSED] - path = takeScreenshot(): Taking screenshot successfully

2021-05-16 12:06:53 - [MESSAGE][PASSED] - Taking screenshot successfully
[[ATTACHMENT|C:\\Data\\GitHub\\SeleniumAutomationWithKatalonStudio7.4.x\\Reports\\20210516_120611\\DropDownSuite\\20210516_120611\\1621192012942.png]]

2021-05-16 12:06:53 - [TEST_STEP][PASSED] - click(findTestObject("Bugzilla/HomePage/LogoutBtn")): Object: 'Object Repository/Bugzilla/HomePage/LogoutBtn' is clicked on

2021-05-16 12:06:53 - [MESSAGE][PASSED] - Object: 'Object Repository/Bugzilla/HomePage/LogoutBtn' is clicked on

2021-05-16 12:06:53 - [TEST_STEP][PASSED] - delay(DelayTime): Delayed 3 second(s)

2021-05-16 12:06:56 - [MESSAGE][PASSED] - Delayed 3 second(s)

2021-05-16 12:06:56 - [TEST_STEP][PASSED] - closeBrowser(): Browser is closed

2021-05-16 12:06:57 - [MESSAGE][PASSED] - Browser is closed]]></system-out>
         <system-err><![CDATA[]]></system-err>
      </testcase>
      <system-out><![CDATA[2021-05-16 12:06:20 - [TEST_SUITE][INCOMPLETE] - DropDownSuite: null]]></system-out>
      <system-err><![CDATA[2021-05-16 12:06:20 - [TEST_SUITE][INCOMPLETE] - DropDownSuite: null]]></system-err>
   </testsuite>
</testsuites>
